2021-01-25 09:02:34 Error: Fatal Error (1): Class 'IntlDateFormatter' not found in [/home/sky2co/public_html/shipment/vendor/cakephp/cakephp/src/Database/Type/DateTimeType.php, line 269]
Trace:
Cake\Error\BaseErrorHandler::handleFatalError() - CORE/src/Error/BaseErrorHandler.php, line 216
Cake\Error\BaseErrorHandler::Cake\Error\{closure}() - CORE/src/Error/BaseErrorHandler.php, line 98
[main] - [internal], line ??



2021-05-12 07:34:03 Error: Fatal Error (1): Uncaught Error: Class 'Locale' not found in /home/sky2co/public_html/shipment/vendor/cakephp/cakephp/src/I18n/I18n.php:245
Stack trace:
#0 /home/sky2co/public_html/shipment/vendor/cakephp/cakephp/src/I18n/I18n.php(215): Cake\I18n\I18n::defaultLocale()
#1 /home/sky2co/public_html/shipment/vendor/cakephp/cakephp/src/I18n/I18n.php(76): Cake\I18n\I18n::locale()
#2 /home/sky2co/public_html/shipment/vendor/cakephp/cakephp/src/I18n/I18n.php(139): Cake\I18n\I18n::translators()
#3 /home/sky2co/public_html/shipment/vendor/cakephp/cakephp/src/I18n/functions.php(84): Cake\I18n\I18n::translator('cake')
#4 /home/sky2co/public_html/shipment/vendor/cakephp/cakephp/src/Error/ExceptionRenderer.php(253): __d('cake', 'An Internal Err...')
#5 /home/sky2co/public_html/shipment/vendor/cakephp/cakephp/src/Error/ExceptionRenderer.php(168): Cake\Error\ExceptionRenderer->_message(Object(Error), 500)
#6 /home/sky2co/public_html/shipment/vendor/cakephp/cakephp/src/Error/ErrorHandler.php(144): Cake\Error\ExceptionRenderer->render()
#7 /ho in [/home/sky2co/public_html/shipment/vendor/cakephp/cakephp/src/I18n/I18n.php, line 245]
Trace:
Cake\Error\BaseErrorHandler::handleFatalError() - CORE/src/Error/BaseErrorHandler.php, line 216
Cake\Error\BaseErrorHandler::Cake\Error\{closure}() - CORE/src/Error/BaseErrorHandler.php, line 97
[main] - [internal], line ??



2021-05-21 11:31:54 Error: Fatal Error (1): Uncaught Error: Class 'Locale' not found in /home/sky2co/public_html/shipment/vendor/cakephp/cakephp/src/I18n/I18n.php:245
Stack trace:
#0 /home/sky2co/public_html/shipment/vendor/cakephp/cakephp/src/I18n/I18n.php(215): Cake\I18n\I18n::defaultLocale()
#1 /home/sky2co/public_html/shipment/vendor/cakephp/cakephp/src/I18n/I18n.php(76): Cake\I18n\I18n::locale()
#2 /home/sky2co/public_html/shipment/vendor/cakephp/cakephp/src/I18n/I18n.php(139): Cake\I18n\I18n::translators()
#3 /home/sky2co/public_html/shipment/vendor/cakephp/cakephp/src/I18n/functions.php(84): Cake\I18n\I18n::translator('cake')
#4 /home/sky2co/public_html/shipment/vendor/cakephp/cakephp/src/Error/ExceptionRenderer.php(253): __d('cake', 'An Internal Err...')
#5 /home/sky2co/public_html/shipment/vendor/cakephp/cakephp/src/Error/ExceptionRenderer.php(168): Cake\Error\ExceptionRenderer->_message(Object(Error), 500)
#6 /home/sky2co/public_html/shipment/vendor/cakephp/cakephp/src/Error/ErrorHandler.php(144): Cake\Error\ExceptionRenderer->render()
#7 /ho in [/home/sky2co/public_html/shipment/vendor/cakephp/cakephp/src/I18n/I18n.php, line 245]
Trace:
Cake\Error\BaseErrorHandler::handleFatalError() - CORE/src/Error/BaseErrorHandler.php, line 216
Cake\Error\BaseErrorHandler::Cake\Error\{closure}() - CORE/src/Error/BaseErrorHandler.php, line 97
[main] - [internal], line ??



2021-06-04 20:58:14 Error: Fatal Error (1): Uncaught Error: Class 'Locale' not found in /home/sky2co/public_html/shipment/vendor/cakephp/cakephp/src/I18n/I18n.php:245
Stack trace:
#0 /home/sky2co/public_html/shipment/vendor/cakephp/cakephp/src/I18n/I18n.php(215): Cake\I18n\I18n::defaultLocale()
#1 /home/sky2co/public_html/shipment/vendor/cakephp/cakephp/src/I18n/I18n.php(76): Cake\I18n\I18n::locale()
#2 /home/sky2co/public_html/shipment/vendor/cakephp/cakephp/src/I18n/I18n.php(139): Cake\I18n\I18n::translators()
#3 /home/sky2co/public_html/shipment/vendor/cakephp/cakephp/src/I18n/functions.php(84): Cake\I18n\I18n::translator('cake')
#4 /home/sky2co/public_html/shipment/vendor/cakephp/cakephp/src/Error/ExceptionRenderer.php(253): __d('cake', 'An Internal Err...')
#5 /home/sky2co/public_html/shipment/vendor/cakephp/cakephp/src/Error/ExceptionRenderer.php(168): Cake\Error\ExceptionRenderer->_message(Object(Error), 500)
#6 /home/sky2co/public_html/shipment/vendor/cakephp/cakephp/src/Error/ErrorHandler.php(144): Cake\Error\ExceptionRenderer->render()
#7 /ho in [/home/sky2co/public_html/shipment/vendor/cakephp/cakephp/src/I18n/I18n.php, line 245]
Trace:
Cake\Error\BaseErrorHandler::handleFatalError() - CORE/src/Error/BaseErrorHandler.php, line 216
Cake\Error\BaseErrorHandler::Cake\Error\{closure}() - CORE/src/Error/BaseErrorHandler.php, line 97
[main] - [internal], line ??



2022-05-10 15:33:37 Error: Fatal Error (1): Uncaught Error: Class 'Locale' not found in /home/sky2co/public_html/shipment/vendor/cakephp/cakephp/src/I18n/I18n.php:245
Stack trace:
#0 /home/sky2co/public_html/shipment/vendor/cakephp/cakephp/src/I18n/I18n.php(215): Cake\I18n\I18n::defaultLocale()
#1 /home/sky2co/public_html/shipment/vendor/cakephp/cakephp/src/I18n/I18n.php(76): Cake\I18n\I18n::locale()
#2 /home/sky2co/public_html/shipment/vendor/cakephp/cakephp/src/I18n/I18n.php(139): Cake\I18n\I18n::translators()
#3 /home/sky2co/public_html/shipment/vendor/cakephp/cakephp/src/I18n/functions.php(84): Cake\I18n\I18n::translator('cake')
#4 /home/sky2co/public_html/shipment/vendor/cakephp/cakephp/src/Error/ExceptionRenderer.php(253): __d('cake', 'An Internal Err...')
#5 /home/sky2co/public_html/shipment/vendor/cakephp/cakephp/src/Error/ExceptionRenderer.php(168): Cake\Error\ExceptionRenderer->_message(Object(Error), 500)
#6 /home/sky2co/public_html/shipment/vendor/cakephp/cakephp/src/Error/ErrorHandler.php(144): Cake\Error\ExceptionRenderer->render()
#7 /ho in [/home/sky2co/public_html/shipment/vendor/cakephp/cakephp/src/I18n/I18n.php, line 245]
Trace:
Cake\Error\BaseErrorHandler::handleFatalError() - CORE/src/Error/BaseErrorHandler.php, line 216
Cake\Error\BaseErrorHandler::Cake\Error\{closure}() - CORE/src/Error/BaseErrorHandler.php, line 97
[main] - [internal], line ??



2022-05-10 15:33:40 Error: Fatal Error (1): Uncaught Error: Class 'Locale' not found in /home/sky2co/public_html/shipment/vendor/cakephp/cakephp/src/I18n/I18n.php:245
Stack trace:
#0 /home/sky2co/public_html/shipment/vendor/cakephp/cakephp/src/I18n/I18n.php(215): Cake\I18n\I18n::defaultLocale()
#1 /home/sky2co/public_html/shipment/vendor/cakephp/cakephp/src/I18n/I18n.php(76): Cake\I18n\I18n::locale()
#2 /home/sky2co/public_html/shipment/vendor/cakephp/cakephp/src/I18n/I18n.php(139): Cake\I18n\I18n::translators()
#3 /home/sky2co/public_html/shipment/vendor/cakephp/cakephp/src/I18n/functions.php(84): Cake\I18n\I18n::translator('cake')
#4 /home/sky2co/public_html/shipment/vendor/cakephp/cakephp/src/Error/ExceptionRenderer.php(253): __d('cake', 'An Internal Err...')
#5 /home/sky2co/public_html/shipment/vendor/cakephp/cakephp/src/Error/ExceptionRenderer.php(168): Cake\Error\ExceptionRenderer->_message(Object(Error), 500)
#6 /home/sky2co/public_html/shipment/vendor/cakephp/cakephp/src/Error/ErrorHandler.php(144): Cake\Error\ExceptionRenderer->render()
#7 /ho in [/home/sky2co/public_html/shipment/vendor/cakephp/cakephp/src/I18n/I18n.php, line 245]
Trace:
Cake\Error\BaseErrorHandler::handleFatalError() - CORE/src/Error/BaseErrorHandler.php, line 216
Cake\Error\BaseErrorHandler::Cake\Error\{closure}() - CORE/src/Error/BaseErrorHandler.php, line 97
[main] - [internal], line ??



2022-05-10 15:34:00 Error: Fatal Error (1): Uncaught Error: Class 'Locale' not found in /home/sky2co/public_html/shipment/vendor/cakephp/cakephp/src/I18n/I18n.php:245
Stack trace:
#0 /home/sky2co/public_html/shipment/vendor/cakephp/cakephp/src/I18n/I18n.php(215): Cake\I18n\I18n::defaultLocale()
#1 /home/sky2co/public_html/shipment/vendor/cakephp/cakephp/src/I18n/I18n.php(76): Cake\I18n\I18n::locale()
#2 /home/sky2co/public_html/shipment/vendor/cakephp/cakephp/src/I18n/I18n.php(139): Cake\I18n\I18n::translators()
#3 /home/sky2co/public_html/shipment/vendor/cakephp/cakephp/src/I18n/functions.php(84): Cake\I18n\I18n::translator('cake')
#4 /home/sky2co/public_html/shipment/vendor/cakephp/cakephp/src/Error/ExceptionRenderer.php(253): __d('cake', 'An Internal Err...')
#5 /home/sky2co/public_html/shipment/vendor/cakephp/cakephp/src/Error/ExceptionRenderer.php(168): Cake\Error\ExceptionRenderer->_message(Object(Error), 500)
#6 /home/sky2co/public_html/shipment/vendor/cakephp/cakephp/src/Error/ErrorHandler.php(144): Cake\Error\ExceptionRenderer->render()
#7 /ho in [/home/sky2co/public_html/shipment/vendor/cakephp/cakephp/src/I18n/I18n.php, line 245]
Trace:
Cake\Error\BaseErrorHandler::handleFatalError() - CORE/src/Error/BaseErrorHandler.php, line 216
Cake\Error\BaseErrorHandler::Cake\Error\{closure}() - CORE/src/Error/BaseErrorHandler.php, line 97
[main] - [internal], line ??



2022-05-10 16:47:50 Error: Fatal Error (1): Uncaught Error: Class 'Locale' not found in /home/sky2co/public_html/shipment/vendor/cakephp/cakephp/src/I18n/I18n.php:245
Stack trace:
#0 /home/sky2co/public_html/shipment/vendor/cakephp/cakephp/src/I18n/I18n.php(215): Cake\I18n\I18n::defaultLocale()
#1 /home/sky2co/public_html/shipment/vendor/cakephp/cakephp/src/I18n/I18n.php(76): Cake\I18n\I18n::locale()
#2 /home/sky2co/public_html/shipment/vendor/cakephp/cakephp/src/I18n/I18n.php(139): Cake\I18n\I18n::translators()
#3 /home/sky2co/public_html/shipment/vendor/cakephp/cakephp/src/I18n/functions.php(84): Cake\I18n\I18n::translator('cake')
#4 /home/sky2co/public_html/shipment/vendor/cakephp/cakephp/src/Error/ExceptionRenderer.php(253): __d('cake', 'An Internal Err...')
#5 /home/sky2co/public_html/shipment/vendor/cakephp/cakephp/src/Error/ExceptionRenderer.php(168): Cake\Error\ExceptionRenderer->_message(Object(Error), 500)
#6 /home/sky2co/public_html/shipment/vendor/cakephp/cakephp/src/Error/ErrorHandler.php(144): Cake\Error\ExceptionRenderer->render()
#7 /ho in [/home/sky2co/public_html/shipment/vendor/cakephp/cakephp/src/I18n/I18n.php, line 245]
Trace:
Cake\Error\BaseErrorHandler::handleFatalError() - CORE/src/Error/BaseErrorHandler.php, line 216
Cake\Error\BaseErrorHandler::Cake\Error\{closure}() - CORE/src/Error/BaseErrorHandler.php, line 97
[main] - [internal], line ??



